[05-Oct-2025 14:11:12 Asia/Yerevan] PHP Fatal error:  Uncaught ErrorException: include(F:\Projects\CleanChoes\vendor\composer/../nunomaduro/collision/src/Adapters/Laravel/IgnitionSolutionsRepository.php): Failed to open stream: No such file or directory in F:\Projects\CleanChoes\vendor\composer\ClassLoader.php:576
Stack trace:
#0 F:\Projects\CleanChoes\vendor\composer\ClassLoader.php(576): Illuminate\Foundation\Bootstrap\HandleExceptions->handleError(2, 'include(F:\\Proj...', 'F:\\Projects\\Cle...', 576)
#1 F:\Projects\CleanChoes\vendor\composer\ClassLoader.php(576): include()
#2 F:\Projects\CleanChoes\vendor\composer\ClassLoader.php(427): Composer\Autoload\{closure}('F:\\Projects\\Cle...')
#3 F:\Projects\CleanChoes\vendor\nunomaduro\collision\src\Adapters\Laravel\CollisionServiceProvider.php(50): Composer\Autoload\ClassLoader->loadClass('NunoMaduro\\Coll...')
#4 F:\Projects\CleanChoes\vendor\laravel\framework\src\Illuminate\Container\Container.php(873): NunoMaduro\Collision\Adapters\Laravel\CollisionServiceProvider->NunoMaduro\Collision\Adapters\Laravel\{closure}(Object(Illuminate\Foundation\Application), Array)
#5 F:\Projects\CleanChoes\vendor\laravel\framework\src\Illuminate\Container\Container.php(758): Illuminate\Container\Container->build(Object(Closure))
#6 F:\Projects\CleanChoes\vendor\laravel\framework\src\Illuminate\Foundation\Application.php(853): Illuminate\Container\Container->resolve('NunoMaduro\\Coll...', Array, true)
#7 F:\Projects\CleanChoes\vendor\laravel\framework\src\Illuminate\Container\Container.php(694): Illuminate\Foundation\Application->resolve('NunoMaduro\\Coll...', Array)
#8 F:\Projects\CleanChoes\vendor\laravel\framework\src\Illuminate\Foundation\Application.php(838): Illuminate\Container\Container->make('NunoMaduro\\Coll...', Array)
#9 F:\Projects\CleanChoes\vendor\nunomaduro\collision\src\Adapters\Laravel\ExceptionHandler.php(65): Illuminate\Foundation\Application->make('NunoMaduro\\Coll...')
#10 F:\Projects\CleanChoes\vendor\laravel\framework\src\Illuminate\Foundation\Bootstrap\HandleExceptions.php(185): NunoMaduro\Collision\Adapters\Laravel\ExceptionHandler->renderForConsole(Object(Symfony\Component\Console\Output\ConsoleOutput), Object(ErrorException))
#11 F:\Projects\CleanChoes\vendor\laravel\framework\src\Illuminate\Foundation\Bootstrap\HandleExceptions.php(171): Illuminate\Foundation\Bootstrap\HandleExceptions->renderForConsole(Object(ErrorException))
#12 [internal function]: Illuminate\Foundation\Bootstrap\HandleExceptions->handleException(Object(ErrorException))
#13 {main}
  thrown in F:\Projects\CleanChoes\vendor\composer\ClassLoader.php on line 576
[05-Oct-2025 14:11:12 Asia/Yerevan] PHP Fatal error:  Uncaught ErrorException: include(F:\Projects\CleanChoes\vendor\composer/../symfony/error-handler/Error/FatalError.php): Failed to open stream: No such file or directory in F:\Projects\CleanChoes\vendor\composer\ClassLoader.php:576
Stack trace:
#0 F:\Projects\CleanChoes\vendor\composer\ClassLoader.php(576): Illuminate\Foundation\Bootstrap\HandleExceptions->handleError(2, 'include(F:\\Proj...', 'F:\\Projects\\Cle...', 576)
#1 F:\Projects\CleanChoes\vendor\composer\ClassLoader.php(576): include()
#2 F:\Projects\CleanChoes\vendor\composer\ClassLoader.php(427): Composer\Autoload\{closure}('F:\\Projects\\Cle...')
#3 F:\Projects\CleanChoes\vendor\laravel\framework\src\Illuminate\Foundation\Bootstrap\HandleExceptions.php(222): Composer\Autoload\ClassLoader->loadClass('Symfony\\Compone...')
#4 F:\Projects\CleanChoes\vendor\laravel\framework\src\Illuminate\Foundation\Bootstrap\HandleExceptions.php(209): Illuminate\Foundation\Bootstrap\HandleExceptions->fatalErrorFromPhpError(Array, 0)
#5 [internal function]: Illuminate\Foundation\Bootstrap\HandleExceptions->handleShutdown()
#6 {main}
  thrown in F:\Projects\CleanChoes\vendor\composer\ClassLoader.php on line 576
